[0m[0K/usr/local/lib/python3.11/site-packages/nbformat/__init__.py:93: MissingIDFieldWarning: Code cell is missing an id field, this will beco[0Km
e a hard error in future nbformat versions. You may want to use `normalize()` on your notebooks before validations (available since nbfo[0Kr
mat 5.1.4). Previous versions of nbformat are fixing this issue transparently, and will stop doing so in the future.[0K
  validate(nb)[0K
[0K
         Computing pi in serial:[0K
[0K
         For 10000000 trials, pi = 3.141234[0K
[0K
23 s ± 4.7 s per loop (mean ± std. dev. of 3 runs, 1 loop each)[0K
[0K
         Computing pi in serial with numpy w/o arrays:[0K
[0K
         For 10000000 trials, pi = 3.141293[0K
[0K
26.4 s ± 1.52 s per loop (mean ± std. dev. of 3 runs, 1 loop each)[0K
[0K
         Computing pi in serial with numpy w/ arrays:[0K
[0K
         For 10000000 trials, pi = 3.142420[0K
[0K
385 ms ± 52.5 ms per loop (mean ± std. dev. of 3 runs, 1 loop each)[0K
[0K
         Computing pi with numba:[0K
[0K
         For 10000000 trials, pi = 3.141132[0K
[0K
233 ms ± 62.9 ms per loop (mean ± std. dev. of 3 runs, 1 loop each)[0K[23A























[0K